# JRE version: Java(TM) SE Runtime Environment (8.0_91-b14) (build 1.8.0_91-b14)
# Java VM: Java HotSpot(TM) 64-Bit Server VM (25.91-b14 mixed mode linux-amd64 compressed oops)
Heap:
 PSYoungGen      total 84992K, used 18190K [0x000000078d900000, 0x0000000793200000, 0x00000007c0000000)
  eden space 78848K, 16% used [0x000000078d900000,0x000000078e613ee0,0x0000000792600000)
  from space 6144K, 78% used [0x0000000792c00000,0x00000007930afc00,0x0000000793200000)
  to   space 6144K, 0% used [0x0000000792600000,0x0000000792600000,0x0000000792c00000)
 ParOldGen       total 103936K, used 1545K [0x0000000728a00000, 0x000000072ef80000, 0x000000078d900000)
  object space 103936K, 1% used [0x0000000728a00000,0x0000000728b82680,0x000000072ef80000)
 Metaspace       used 13279K, capacity 13458K, committed 13824K, reserved 1060864K
  class space    used 1596K, capacity 1676K, committed 1792K, reserved 1048576K
GC Heap History (4 events):
Event: 1.435 GC heap before
{Heap before GC invocations=1 (full 0):
 PSYoungGen      total 45568K, used 39424K [0x000000078d900000, 0x0000000790b80000, 0x00000007c0000000)
  eden space 39424K, 100% used [0x000000078d900000,0x000000078ff80000,0x000000078ff80000)
  from space 6144K, 0% used [0x0000000790580000,0x0000000790580000,0x0000000790b80000)
  to   space 6144K, 0% used [0x000000078ff80000,0x000000078ff80000,0x0000000790580000)
 ParOldGen       total 103936K, used 0K [0x0000000728a00000, 0x000000072ef80000, 0x000000078d900000)
  object space 103936K, 0% used [0x0000000728a00000,0x0000000728a00000,0x000000072ef80000)
 Metaspace       used 5515K, capacity 5718K, committed 5888K, reserved 1056768K
  class space    used 626K, capacity 697K, committed 768K, reserved 1048576K
Event: 1.687 GC heap after
Heap after GC invocations=1 (full 0):
 PSYoungGen      total 45568K, used 5834K [0x000000078d900000, 0x0000000793200000, 0x00000007c0000000)
  eden space 39424K, 0% used [0x000000078d900000,0x000000078d900000,0x000000078ff80000)
  from space 6144K, 94% used [0x000000078ff80000,0x0000000790532b18,0x0000000790580000)
  to   space 6144K, 0% used [0x0000000792c00000,0x0000000792c00000,0x0000000793200000)
 ParOldGen       total 103936K, used 1537K [0x0000000728a00000, 0x000000072ef80000, 0x000000078d900000)
  object space 103936K, 1% used [0x0000000728a00000,0x0000000728b80680,0x000000072ef80000)
 Metaspace       used 5515K, capacity 5718K, committed 5888K, reserved 1056768K
  class space    used 626K, capacity 697K, committed 768K, reserved 1048576K
}
Event: 1.764 GC heap before
{Heap before GC invocations=2 (full 0):
 PSYoungGen      total 45568K, used 45258K [0x000000078d900000, 0x0000000793200000, 0x00000007c0000000)
  eden space 39424K, 100% used [0x000000078d900000,0x000000078ff80000,0x000000078ff80000)
  from space 6144K, 94% used [0x000000078ff80000,0x0000000790532b18,0x0000000790580000)
  to   space 6144K, 0% used [0x0000000792c00000,0x0000000792c00000,0x0000000793200000)
 ParOldGen       total 103936K, used 1537K [0x0000000728a00000, 0x000000072ef80000, 0x000000078d900000)
  object space 103936K, 1% used [0x0000000728a00000,0x0000000728b80680,0x000000072ef80000)
 Metaspace       used 5515K, capacity 5718K, committed 5888K, reserved 1056768K
  class space    used 626K, capacity 697K, committed 768K, reserved 1048576K
Event: 1.917 GC heap after
Heap after GC invocations=2 (full 0):
 PSYoungGen      total 84992K, used 4799K [0x000000078d900000, 0x0000000793200000, 0x00000007c0000000)
  eden space 78848K, 0% used [0x000000078d900000,0x000000078d900000,0x0000000792600000)
  from space 6144K, 78% used [0x0000000792c00000,0x00000007930afc00,0x0000000793200000)
  to   space 6144K, 0% used [0x0000000792600000,0x0000000792600000,0x0000000792c00000)
 ParOldGen       total 103936K, used 1545K [0x0000000728a00000, 0x000000072ef80000, 0x000000078d900000)
  object space 103936K, 1% used [0x0000000728a00000,0x0000000728b82680,0x000000072ef80000)
 Metaspace       used 5515K, capacity 5718K, committed 5888K, reserved 1056768K
  class space    used 626K, capacity 697K, committed 768K, reserved 1048576K
}

